[0122/150613:ERROR:process_reader_win.cc(233)] ReadMemory at 0xba5000 of 45056 bytes failed: ?????? ReadProcessMemory ? WriteProcessMemory ??? (0x12B)
[0122/150613:ERROR:crash_report_exception_handler.cc(102)] WriteEverything failed
[0122/150613:ERROR:scoped_process_suspend.cc(38)] NtResumeProcess, ntstatus=-1073741558
[0122/150654:ERROR:scoped_process_suspend.cc(38)] NtResumeProcess, ntstatus=-1073741558
[0122/150804:ERROR:scoped_process_suspend.cc(38)] NtResumeProcess, ntstatus=-1073741558
[0122/150814:ERROR:scoped_process_suspend.cc(38)] NtResumeProcess, ntstatus=-1073741558
[0122/151356:ERROR:scoped_process_suspend.cc(38)] NtResumeProcess, ntstatus=-1073741558
[0122/151713:ERROR:process_reader_win.cc(233)] ReadMemory at 0x75f000 of 3972 bytes failed: ?????? ReadProcessMemory ? WriteProcessMemory ??? (0x12B)
[0122/151713:ERROR:crash_report_exception_handler.cc(102)] WriteEverything failed
[0122/151713:ERROR:scoped_process_suspend.cc(38)] NtResumeProcess, ntstatus=-1073741558
[0122/153645:ERROR:scoped_process_suspend.cc(38)] NtResumeProcess, ntstatus=-1073741558
[0122/153720:ERROR:scoped_process_suspend.cc(38)] NtResumeProcess, ntstatus=-1073741558
[0122/154108:ERROR:process_reader_win.cc(233)] ReadMemory at 0x12f5000 of 45056 bytes failed: ?????? ReadProcessMemory ? WriteProcessMemory ??? (0x12B)
[0122/154108:ERROR:crash_report_exception_handler.cc(102)] WriteEverything failed
[0122/154108:ERROR:scoped_process_suspend.cc(38)] NtResumeProcess, ntstatus=-1073741558
[0122/154119:ERROR:process_reader_win.cc(233)] ReadMemory at 0x17c2574 of 512 bytes failed: ?????? ReadProcessMemory ? WriteProcessMemory ??? (0x12B)
[0122/154120:ERROR:crash_report_exception_handler.cc(102)] WriteEverything failed
[0122/154120:ERROR:scoped_process_suspend.cc(38)] NtResumeProcess, ntstatus=-1073741558
[0122/155114:ERROR:process_reader_win.cc(233)] ReadMemory at 0x9c5000 of 45056 bytes failed: ?????? ReadProcessMemory ? WriteProcessMemory ??? (0x12B)
[0122/155114:ERROR:crash_report_exception_handler.cc(102)] WriteEverything failed
[0122/155114:ERROR:scoped_process_suspend.cc(38)] NtResumeProcess, ntstatus=-1073741558
[0122/155841:ERROR:process_reader_win.cc(233)] ReadMemory at 0xaf5000 of 45056 bytes failed: ?????? ReadProcessMemory ? WriteProcessMemory ??? (0x12B)
[0122/155841:ERROR:crash_report_exception_handler.cc(102)] WriteEverything failed
[0122/155841:ERROR:scoped_process_suspend.cc(38)] NtResumeProcess, ntstatus=-1073741558
[0122/160001:ERROR:scoped_process_suspend.cc(38)] NtResumeProcess, ntstatus=-1073741558
[0122/160026:ERROR:process_reader_win.cc(233)] ReadMemory at 0xcf5000 of 45056 bytes failed: ?????? ReadProcessMemory ? WriteProcessMemory ??? (0x12B)
[0122/160026:ERROR:crash_report_exception_handler.cc(102)] WriteEverything failed
[0122/160026:ERROR:scoped_process_suspend.cc(38)] NtResumeProcess, ntstatus=-1073741558
[0122/160034:ERROR:scoped_process_suspend.cc(38)] NtResumeProcess, ntstatus=-1073741558
[0122/160318:ERROR:process_reader_win.cc(233)] ReadMemory at 0x73580000 of 64 bytes failed: ?????? ReadProcessMemory ? WriteProcessMemory ??? (0x12B)
[0122/160318:WARNING:pe_image_reader.cc(281)] could not read dos header from D:\Program Files (x86)\360\360safe\safemon\safemon.dll
[0122/160318:ERROR:process_reader_win.cc(233)] ReadMemory at 0x6bf80000 of 64 bytes failed: ?????? ReadProcessMemory ? WriteProcessMemory ??? (0x12B)
[0122/160318:WARNING:pe_image_reader.cc(281)] could not read dos header from D:\Program Files (x86)\360\360safe\safemon\iNetSafe.dll
[0122/160318:ERROR:process_reader_win.cc(233)] ReadMemory at 0x73b30000 of 64 bytes failed: ?????? ReadProcessMemory ? WriteProcessMemory ??? (0x12B)
[0122/160318:WARNING:pe_image_reader.cc(281)] could not read dos header from C:\WINDOWS\WinSxS\x86_microsoft.windows.common-controls_6595b64144ccf1df_6.0.14393.447_none_89c64d28dafea4b9\COMCTL32.dll
[0122/160318:ERROR:process_reader_win.cc(233)] ReadMemory at 0x74ed0000 of 64 bytes failed: ?????? ReadProcessMemory ? WriteProcessMemory ??? (0x12B)
[0122/160318:WARNING:pe_image_reader.cc(281)] could not read dos header from C:\WINDOWS\System32\COMDLG32.dll
[0122/160318:ERROR:process_reader_win.cc(233)] ReadMemory at 0x74430000 of 64 bytes failed: ?????? ReadProcessMemory ? WriteProcessMemory ??? (0x12B)
[0122/160318:WARNING:pe_image_reader.cc(281)] could not read dos header from C:\WINDOWS\SYSTEM32\IPHLPAPI.DLL
[0122/160318:ERROR:process_reader_win.cc(233)] ReadMemory at 0x6af20000 of 64 bytes failed: ?????? ReadProcessMemory ? WriteProcessMemory ??? (0x12B)
[0122/160318:WARNING:pe_image_reader.cc(281)] could not read dos header from C:\WINDOWS\SYSTEM32\USP10.dll
[0122/160318:ERROR:process_reader_win.cc(233)] ReadMemory at 0x75150000 of 64 bytes failed: ?????? ReadProcessMemory ? WriteProcessMemory ??? (0x12B)
[0122/160318:WARNING:pe_image_reader.cc(281)] could not read dos header from C:\WINDOWS\System32\MSASN1.dll
[0122/160318:ERROR:process_reader_win.cc(233)] ReadMemory at 0x75660000 of 64 bytes failed: ?????? ReadProcessMemory ? WriteProcessMemory ??? (0x12B)
[0122/160318:WARNING:pe_image_reader.cc(281)] could not read dos header from C:\WINDOWS\System32\CRYPT32.dll
[0122/160318:ERROR:process_reader_win.cc(233)] ReadMemory at 0x74910000 of 64 bytes failed: ?????? ReadProcessMemory ? WriteProcessMemory ??? (0x12B)
[0122/160318:WARNING:pe_image_reader.cc(281)] could not read dos header from C:\WINDOWS\System32\WINTRUST.dll
[0122/160318:ERROR:process_reader_win.cc(233)] ReadMemory at 0x740e0000 of 64 bytes failed: ?????? ReadProcessMemory ? WriteProcessMemory ??? (0x12B)
[0122/160318:WARNING:pe_image_reader.cc(281)] could not read dos header from C:\WINDOWS\SYSTEM32\Secur32.dll
[0122/160318:ERROR:process_reader_win.cc(233)] ReadMemory at 0xfc50000 of 64 bytes failed: ?????? ReadProcessMemory ? WriteProcessMemory ??? (0x12B)
[0122/160318:WARNING:pe_image_reader.cc(281)] could not read dos header from C:\Program Files (x86)\Google\Chrome\Application\52.0.2743.116\chrome_child.dll
[0122/160318:ERROR:process_reader_win.cc(233)] ReadMemory at 0x6e1d0000 of 64 bytes failed: ?????? ReadProcessMemory ? WriteProcessMemory ??? (0x12B)
[0122/160318:WARNING:pe_image_reader.cc(281)] could not read dos header from C:\WINDOWS\SYSTEM32\dwrite.dll
[0122/160318:ERROR:process_reader_win.cc(233)] ReadMemory at 0xfe5000 of 45056 bytes failed: ?????? ReadProcessMemory ? WriteProcessMemory ??? (0x12B)
[0122/160318:ERROR:crash_report_exception_handler.cc(102)] WriteEverything failed
[0122/160318:ERROR:scoped_process_suspend.cc(38)] NtResumeProcess, ntstatus=-1073741558
[0122/160401:ERROR:process_reader_win.cc(233)] ReadMemory at 0x1342574 of 512 bytes failed: ?????? ReadProcessMemory ? WriteProcessMemory ??? (0x12B)
[0122/160401:ERROR:crash_report_exception_handler.cc(102)] WriteEverything failed
[0122/160401:ERROR:scoped_process_suspend.cc(38)] NtResumeProcess, ntstatus=-1073741558
[0122/160704:ERROR:process_reader_win.cc(233)] ReadMemory at 0x952170 of 62 bytes failed: ?????? ReadProcessMemory ? WriteProcessMemory ??? (0x12B)
[0122/160704:ERROR:crash_report_exception_handler.cc(102)] WriteEverything failed
[0122/160704:ERROR:scoped_process_suspend.cc(38)] NtResumeProcess, ntstatus=-1073741558
[0122/160709:ERROR:scoped_process_suspend.cc(38)] NtResumeProcess, ntstatus=-1073741558
[0122/160721:ERROR:scoped_process_suspend.cc(38)] NtResumeProcess, ntstatus=-1073741558
[0122/160804:ERROR:scoped_process_suspend.cc(38)] NtResumeProcess, ntstatus=-1073741558
[0122/160901:ERROR:scoped_process_suspend.cc(38)] NtResumeProcess, ntstatus=-1073741558
[0122/161039:ERROR:process_reader_win.cc(233)] ReadMemory at 0x9a5000 of 45056 bytes failed: ?????? ReadProcessMemory ? WriteProcessMemory ??? (0x12B)
[0122/161039:ERROR:crash_report_exception_handler.cc(102)] WriteEverything failed
[0122/161039:ERROR:scoped_process_suspend.cc(38)] NtResumeProcess, ntstatus=-1073741558
[0124/170955:ERROR:process_reader_win.cc(233)] ReadMemory at 0x3c5000 of 45056 bytes failed: Only part of a ReadProcessMemory or WriteProcessMemory request was completed. (0x12B)
[0124/170955:ERROR:process_reader_win.cc(233)] ReadMemory at 0x1040298 of 24 bytes failed: Only part of a ReadProcessMemory or WriteProcessMemory request was completed. (0x12B)
[0124/170955:ERROR:crash_report_exception_handler.cc(102)] WriteEverything failed
[0124/170955:ERROR:crash_report_exception_handler.cc(102)] WriteEverything failed
[0124/170955:ERROR:scoped_process_suspend.cc(38)] NtResumeProcess, ntstatus=-1073741558
[0124/170955:ERROR:scoped_process_suspend.cc(38)] NtResumeProcess, ntstatus=-1073741558
[0124/171005:ERROR:process_reader_win.cc(233)] ReadMemory at 0x3d5000 of 45056 bytes failed: Only part of a ReadProcessMemory or WriteProcessMemory request was completed. (0x12B)
[0124/171005:ERROR:crash_report_exception_handler.cc(102)] WriteEverything failed
[0124/171005:ERROR:scoped_process_suspend.cc(38)] NtResumeProcess, ntstatus=-1073741558
[0124/171005:ERROR:process_reader_win.cc(233)] ReadMemory at 0x6f5000 of 45056 bytes failed: Only part of a ReadProcessMemory or WriteProcessMemory request was completed. (0x12B)
[0124/171005:ERROR:crash_report_exception_handler.cc(102)] WriteEverything failed
[0124/171005:ERROR:scoped_process_suspend.cc(38)] NtResumeProcess, ntstatus=-1073741558
[0124/171011:ERROR:process_reader_win.cc(233)] ReadMemory at 0x735000 of 45056 bytes failed: Only part of a ReadProcessMemory or WriteProcessMemory request was completed. (0x12B)
[0124/171011:ERROR:crash_report_exception_handler.cc(102)] WriteEverything failed
[0124/171011:ERROR:scoped_process_suspend.cc(38)] NtResumeProcess, ntstatus=-1073741558
[0124/171011:ERROR:scoped_process_suspend.cc(38)] NtResumeProcess, ntstatus=-1073741558
[0124/192127:ERROR:process_reader_win.cc(233)] ReadMemory at 0xcf5000 of 45056 bytes failed: Only part of a ReadProcessMemory or WriteProcessMemory request was completed. (0x12B)
[0124/192127:ERROR:crash_report_exception_handler.cc(102)] WriteEverything failed
[0124/192127:ERROR:scoped_process_suspend.cc(38)] NtResumeProcess, ntstatus=-1073741558
[0124/193100:ERROR:process_reader_win.cc(233)] ReadMemory at 0xef5000 of 45056 bytes failed: Only part of a ReadProcessMemory or WriteProcessMemory request was completed. (0x12B)
[0124/193100:ERROR:crash_report_exception_handler.cc(102)] WriteEverything failed
[0124/193100:ERROR:scoped_process_suspend.cc(38)] NtResumeProcess, ntstatus=-1073741558
[0124/193105:ERROR:process_reader_win.cc(233)] ReadMemory at 0x10f5000 of 45056 bytes failed: Only part of a ReadProcessMemory or WriteProcessMemory request was completed. (0x12B)
[0124/193105:ERROR:crash_report_exception_handler.cc(102)] WriteEverything failed
[0124/193105:ERROR:scoped_process_suspend.cc(38)] NtResumeProcess, ntstatus=-1073741558
[0124/193105:ERROR:process_reader_win.cc(233)] ReadMemory at 0x10f5000 of 45056 bytes failed: Only part of a ReadProcessMemory or WriteProcessMemory request was completed. (0x12B)
[0124/193105:ERROR:crash_report_exception_handler.cc(102)] WriteEverything failed
[0124/193105:ERROR:scoped_process_suspend.cc(38)] NtResumeProcess, ntstatus=-1073741558
[0124/193452:ERROR:process_reader_win.cc(233)] ReadMemory at 0x735000 of 45056 bytes failed: Only part of a ReadProcessMemory or WriteProcessMemory request was completed. (0x12B)
[0124/193452:ERROR:crash_report_exception_handler.cc(102)] WriteEverything failed
[0124/193452:ERROR:scoped_process_suspend.cc(38)] NtResumeProcess, ntstatus=-1073741558
[0124/193500:ERROR:process_reader_win.cc(233)] ReadMemory at 0x12f5000 of 45056 bytes failed: Only part of a ReadProcessMemory or WriteProcessMemory request was completed. (0x12B)
[0124/193500:ERROR:crash_report_exception_handler.cc(102)] WriteEverything failed
[0124/193500:ERROR:scoped_process_suspend.cc(38)] NtResumeProcess, ntstatus=-1073741558
[0124/193500:ERROR:process_reader_win.cc(233)] ReadMemory at 0x335000 of 45056 bytes failed: Only part of a ReadProcessMemory or WriteProcessMemory request was completed. (0x12B)
[0124/193500:ERROR:crash_report_exception_handler.cc(102)] WriteEverything failed
[0124/193500:ERROR:scoped_process_suspend.cc(38)] NtResumeProcess, ntstatus=-1073741558
[0124/194540:ERROR:process_reader_win.cc(233)] ReadMemory at 0x74350000 of 64 bytes failed: Only part of a ReadProcessMemory or WriteProcessMemory request was completed. (0x12B)
[0124/194540:WARNING:pe_image_reader.cc(281)] could not read dos header from C:\WINDOWS\SYSTEM32\IPHLPAPI.DLL
[0124/194540:ERROR:process_reader_win.cc(233)] ReadMemory at 0x70ea0000 of 64 bytes failed: Only part of a ReadProcessMemory or WriteProcessMemory request was completed. (0x12B)
[0124/194540:WARNING:pe_image_reader.cc(281)] could not read dos header from C:\WINDOWS\SYSTEM32\USP10.dll
[0124/194540:ERROR:process_reader_win.cc(233)] ReadMemory at 0x74540000 of 64 bytes failed: Only part of a ReadProcessMemory or WriteProcessMemory request was completed. (0x12B)
[0124/194540:WARNING:pe_image_reader.cc(281)] could not read dos header from C:\WINDOWS\System32\WINTRUST.dll
[0124/194540:ERROR:process_reader_win.cc(233)] ReadMemory at 0x74000000 of 64 bytes failed: Only part of a ReadProcessMemory or WriteProcessMemory request was completed. (0x12B)
[0124/194540:WARNING:pe_image_reader.cc(281)] could not read dos header from C:\WINDOWS\SYSTEM32\Secur32.dll
[0124/194540:ERROR:process_reader_win.cc(233)] ReadMemory at 0x5afe0000 of 64 bytes failed: Only part of a ReadProcessMemory or WriteProcessMemory request was completed. (0x12B)
[0124/194540:WARNING:pe_image_reader.cc(281)] could not read dos header from C:\Program Files (x86)\Google\Chrome\Application\52.0.2743.116\chrome_child.dll
[0124/194540:ERROR:process_reader_win.cc(233)] ReadMemory at 0x69280000 of 64 bytes failed: Only part of a ReadProcessMemory or WriteProcessMemory request was completed. (0x12B)
[0124/194540:WARNING:pe_image_reader.cc(281)] could not read dos header from C:\WINDOWS\SYSTEM32\dwrite.dll
[0124/194540:ERROR:process_reader_win.cc(233)] ReadMemory at 0xef5000 of 45056 bytes failed: Only part of a ReadProcessMemory or WriteProcessMemory request was completed. (0x12B)
[0124/194540:ERROR:crash_report_exception_handler.cc(102)] WriteEverything failed
[0124/194540:ERROR:process_reader_win.cc(233)] ReadMemory at 0x7d5000 of 45056 bytes failed: Only part of a ReadProcessMemory or WriteProcessMemory request was completed. (0x12B)
[0124/194540:ERROR:crash_report_exception_handler.cc(102)] WriteEverything failed
[0124/194540:ERROR:scoped_process_suspend.cc(38)] NtResumeProcess, ntstatus=-1073741558
[0124/194540:ERROR:scoped_process_suspend.cc(38)] NtResumeProcess, ntstatus=-1073741558
[0124/194554:ERROR:process_reader_win.cc(233)] ReadMemory at 0x71770000 of 64 bytes failed: Only part of a ReadProcessMemory or WriteProcessMemory request was completed. (0x12B)
[0124/194554:WARNING:pe_image_reader.cc(281)] could not read dos header from C:\WINDOWS\SYSTEM32\iertutil.dll
[0124/194554:ERROR:process_reader_win.cc(233)] ReadMemory at 0x719a0000 of 64 bytes failed: Only part of a ReadProcessMemory or WriteProcessMemory request was completed. (0x12B)
[0124/194554:WARNING:pe_image_reader.cc(281)] could not read dos header from C:\WINDOWS\SYSTEM32\urlmon.dll
[0124/194554:ERROR:process_reader_win.cc(233)] ReadMemory at 0x73c00000 of 64 bytes failed: Only part of a ReadProcessMemory or WriteProcessMemory request was completed. (0x12B)
[0124/194554:WARNING:pe_image_reader.cc(281)] could not read dos header from C:\WINDOWS\SYSTEM32\bcrypt.dll
[0124/194554:ERROR:process_reader_win.cc(233)] ReadMemory at 0x73dd0000 of 64 bytes failed: Only part of a ReadProcessMemory or WriteProcessMemory request was completed. (0x12B)
[0124/194554:WARNING:pe_image_reader.cc(281)] could not read dos header from C:\WINDOWS\SYSTEM32\WINSPOOL.DRV
[0124/194554:ERROR:process_reader_win.cc(233)] ReadMemory at 0x72190000 of 64 bytes failed: Only part of a ReadProcessMemory or WriteProcessMemory request was completed. (0x12B)
[0124/194554:WARNING:pe_image_reader.cc(281)] could not read dos header from C:\WINDOWS\SYSTEM32\MPR.dll
[0124/194554:ERROR:process_reader_win.cc(233)] ReadMemory at 0x6d9e0000 of 64 bytes failed: Only part of a ReadProcessMemory or WriteProcessMemory request was completed. (0x12B)
[0124/194554:WARNING:pe_image_reader.cc(281)] could not read dos header from C:\Program Files (x86)\Google\Chrome\Application\52.0.2743.116\chrome_elf.dll
[0124/194554:ERROR:process_reader_win.cc(233)] ReadMemory at 0x74490000 of 64 bytes failed: Only part of a ReadProcessMemory or WriteProcessMemory request was completed. (0x12B)
[0124/194554:WARNING:pe_image_reader.cc(281)] could not read dos header from C:\WINDOWS\SYSTEM32\WTSAPI32.dll
[0124/194554:ERROR:process_reader_win.cc(233)] ReadMemory at 0x73ea0000 of 64 bytes failed: Only part of a ReadProcessMemory or WriteProcessMemory request was completed. (0x12B)
[0124/194554:WARNING:pe_image_reader.cc(281)] could not read dos header from C:\WINDOWS\SYSTEM32\WINHTTP.dll
[0124/194554:ERROR:process_reader_win.cc(233)] ReadMemory at 0x72fd0000 of 64 bytes failed: Only part of a ReadProcessMemory or WriteProcessMemory request was completed. (0x12B)
[0124/194554:WARNING:pe_image_reader.cc(281)] could not read dos header from C:\WINDOWS\SYSTEM32\dbghelp.dll
[0124/194554:ERROR:process_reader_win.cc(233)] ReadMemory at 0x70bd0000 of 64 bytes failed: Only part of a ReadProcessMemory or WriteProcessMemory request was completed. (0x12B)
[0124/194554:WARNING:pe_image_reader.cc(281)] could not read dos header from C:\WINDOWS\SYSTEM32\dbgcore.DLL
[0124/194554:ERROR:process_reader_win.cc(233)] ReadMemory at 0x6c400000 of 64 bytes failed: Only part of a ReadProcessMemory or WriteProcessMemory request was completed. (0x12B)
[0124/194554:WARNING:pe_image_reader.cc(281)] could not read dos header from C:\WINDOWS\SYSTEM32\ninput.dll
[0124/194554:ERROR:process_reader_win.cc(233)] ReadMemory at 0x77450210 of 40 bytes failed: Only part of a ReadProcessMemory or WriteProcessMemory request was completed. (0x12B)
[0124/194554:WARNING:pe_image_reader.cc(333)] could not read section 1 from C:\WINDOWS\System32\PSAPI.DLL
[0124/194554:ERROR:process_reader_win.cc(233)] ReadMemory at 0x76ba0000 of 64 bytes failed: Only part of a ReadProcessMemory or WriteProcessMemory request was completed. (0x12B)
[0124/194554:WARNING:pe_image_reader.cc(281)] could not read dos header from C:\WINDOWS\System32\WS2_32.dll
[0124/194554:ERROR:process_reader_win.cc(233)] ReadMemory at 0x74380000 of 64 bytes failed: Only part of a ReadProcessMemory or WriteProcessMemory request was completed. (0x12B)
[0124/194554:WARNING:pe_image_reader.cc(281)] could not read dos header from C:\WINDOWS\SYSTEM32\NETAPI32.dll
[0124/194554:ERROR:process_reader_win.cc(233)] ReadMemory at 0x73f40000 of 64 bytes failed: Only part of a ReadProcessMemory or WriteProcessMemory request was completed. (0x12B)
[0124/194554:WARNING:pe_image_reader.cc(281)] could not read dos header from C:\WINDOWS\SYSTEM32\NETUTILS.DLL
[0124/194554:ERROR:process_reader_win.cc(233)] ReadMemory at 0x72b10000 of 64 bytes failed: Only part of a ReadProcessMemory or WriteProcessMemory request was completed. (0x12B)
[0124/194554:WARNING:pe_image_reader.cc(281)] could not read dos header from C:\WINDOWS\SYSTEM32\WKSCLI.DLL
[0124/194554:ERROR:process_reader_win.cc(233)] ReadMemory at 0x713b0000 of 64 bytes failed: Only part of a ReadProcessMemory or WriteProcessMemory request was completed. (0x12B)
[0124/194554:WARNING:pe_image_reader.cc(281)] could not read dos header from D:\Program Files (x86)\360\360safe\safemon\safemon.dll
[0124/194554:ERROR:process_reader_win.cc(233)] ReadMemory at 0x6c520000 of 64 bytes failed: Only part of a ReadProcessMemory or WriteProcessMemory request was completed. (0x12B)
[0124/194554:WARNING:pe_image_reader.cc(281)] could not read dos header from D:\Program Files (x86)\360\360safe\safemon\iNetSafe.dll
[0124/194554:ERROR:process_reader_win.cc(233)] ReadMemory at 0x73990000 of 64 bytes failed: Only part of a ReadProcessMemory or WriteProcessMemory request was completed. (0x12B)
[0124/194554:WARNING:pe_image_reader.cc(281)] could not read dos header from C:\WINDOWS\WinSxS\x86_microsoft.windows.common-controls_6595b64144ccf1df_6.0.14393.447_none_89c64d28dafea4b9\COMCTL32.dll
[0124/194554:ERROR:process_reader_win.cc(233)] ReadMemory at 0x76750000 of 64 bytes failed: Only part of a ReadProcessMemory or WriteProcessMemory request was completed. (0x12B)
[0124/194554:WARNING:pe_image_reader.cc(281)] could not read dos header from C:\WINDOWS\System32\COMDLG32.dll
[0124/194554:ERROR:process_reader_win.cc(233)] ReadMemory at 0x74350000 of 64 bytes failed: Only part of a ReadProcessMemory or WriteProcessMemory request was completed. (0x12B)
[0124/194554:WARNING:pe_image_reader.cc(281)] could not read dos header from C:\WINDOWS\SYSTEM32\IPHLPAPI.DLL
[0124/194554:ERROR:process_reader_win.cc(233)] ReadMemory at 0x70ea0000 of 64 bytes failed: Only part of a ReadProcessMemory or WriteProcessMemory request was completed. (0x12B)
[0124/194554:WARNING:pe_image_reader.cc(281)] could not read dos header from C:\WINDOWS\SYSTEM32\USP10.dll
[0124/194554:ERROR:process_reader_win.cc(233)] ReadMemory at 0x76c10000 of 64 bytes failed: Only part of a ReadProcessMemory or WriteProcessMemory request was completed. (0x12B)
[0124/194554:WARNING:pe_image_reader.cc(281)] could not read dos header from C:\WINDOWS\System32\MSASN1.dll
[0124/194554:ERROR:process_reader_win.cc(233)] ReadMemory at 0x77080000 of 64 bytes failed: Only part of a ReadProcessMemory or WriteProcessMemory request was completed. (0x12B)
[0124/194554:WARNING:pe_image_reader.cc(281)] could not read dos header from C:\WINDOWS\System32\CRYPT32.dll
[0124/194554:ERROR:process_reader_win.cc(233)] ReadMemory at 0x74540000 of 64 bytes failed: Only part of a ReadProcessMemory or WriteProcessMemory request was completed. (0x12B)
[0124/194554:WARNING:pe_image_reader.cc(281)] could not read dos header from C:\WINDOWS\System32\WINTRUST.dll
[0124/194554:ERROR:process_reader_win.cc(233)] ReadMemory at 0x74000000 of 64 bytes failed: Only part of a ReadProcessMemory or WriteProcessMemory request was completed. (0x12B)
[0124/194554:WARNING:pe_image_reader.cc(281)] could not read dos header from C:\WINDOWS\SYSTEM32\Secur32.dll
[0124/194554:ERROR:process_reader_win.cc(233)] ReadMemory at 0x5afe0000 of 64 bytes failed: Only part of a ReadProcessMemory or WriteProcessMemory request was completed. (0x12B)
[0124/194554:WARNING:pe_image_reader.cc(281)] could not read dos header from C:\Program Files (x86)\Google\Chrome\Application\52.0.2743.116\chrome_child.dll
[0124/194554:ERROR:process_reader_win.cc(233)] ReadMemory at 0x69280000 of 64 bytes failed: Only part of a ReadProcessMemory or WriteProcessMemory request was completed. (0x12B)
[0124/194554:WARNING:pe_image_reader.cc(281)] could not read dos header from C:\WINDOWS\SYSTEM32\dwrite.dll
[0124/194554:ERROR:process_reader_win.cc(233)] ReadMemory at 0xff5000 of 45056 bytes failed: Only part of a ReadProcessMemory or WriteProcessMemory request was completed. (0x12B)
[0124/194554:ERROR:crash_report_exception_handler.cc(102)] WriteEverything failed
[0124/194554:ERROR:scoped_process_suspend.cc(38)] NtResumeProcess, ntstatus=-1073741558
[0124/194554:ERROR:process_reader_win.cc(233)] ReadMemory at 0x5e5000 of 45056 bytes failed: Only part of a ReadProcessMemory or WriteProcessMemory request was completed. (0x12B)
[0124/194554:ERROR:crash_report_exception_handler.cc(102)] WriteEverything failed
[0124/194554:ERROR:scoped_process_suspend.cc(38)] NtResumeProcess, ntstatus=-1073741558
